08 Aug 2022 19:54:56,042 TestNG-tests-2 - Running tests on environment: null
08 Aug 2022 19:54:56,042 TestNG-tests-1 - Running tests on environment: null
08 Aug 2022 19:54:56,054 TestNG-tests-1 - No env is given....hence running it on QA
08 Aug 2022 19:54:56,055 TestNG-tests-2 - No env is given....hence running it on QA
08 Aug 2022 19:54:56,055 TestNG-tests-1 - browser name is : chrome
08 Aug 2022 19:54:56,057 TestNG-tests-2 - browser name is : chrome
08 Aug 2022 19:54:56,062 TestNG-tests-2 - running test on chrome browser....
08 Aug 2022 19:54:56,062 TestNG-tests-1 - running test on chrome browser....
08 Aug 2022 19:55:08,904 TestNG-tests-2 - https://en.wikipedia.org/wiki/Main_Page .... url is launched....
08 Aug 2022 19:55:09,174 TestNG-tests-1 - https://en.wikipedia.org/wiki/Main_Page .... url is launched....
08 Aug 2022 19:55:19,505 TestNG-tests-1 - Couldn't find template in cache for "spark/spark.spa.ftl"("en_US", UTF-8, parsed); will try to load it.
08 Aug 2022 19:55:19,507 TestNG-tests-1 - TemplateLoader.findTemplateSource("spark/spark.spa_en_US.ftl"): Not found
08 Aug 2022 19:55:19,509 TestNG-tests-1 - TemplateLoader.findTemplateSource("spark/spark.spa_en.ftl"): Not found
08 Aug 2022 19:55:19,511 TestNG-tests-1 - TemplateLoader.findTemplateSource("spark/spark.spa.ftl"): Found
08 Aug 2022 19:55:19,511 TestNG-tests-1 - Loading template for "spark/spark.spa.ftl"("en_US", UTF-8, parsed) from "jar:file:/C:/Users/User/.m2/repository/com/aventstack/extentreports/5.0.8/extentreports-5.0.8.jar!/com/aventstack/extentreports/templates/spark/spark.spa.ftl"
08 Aug 2022 19:55:19,890 TestNG-tests-1 - Couldn't find template in cache for "commons/commons-variables.ftl"("en_US", UTF-8, parsed); will try to load it.
08 Aug 2022 19:55:19,891 TestNG-tests-1 - TemplateLoader.findTemplateSource("commons/commons-variables_en_US.ftl"): Not found
08 Aug 2022 19:55:19,892 TestNG-tests-1 - TemplateLoader.findTemplateSource("commons/commons-variables_en.ftl"): Not found
08 Aug 2022 19:55:19,892 TestNG-tests-1 - TemplateLoader.findTemplateSource("commons/commons-variables.ftl"): Found
08 Aug 2022 19:55:19,892 TestNG-tests-1 - Loading template for "commons/commons-variables.ftl"("en_US", UTF-8, parsed) from "jar:file:/C:/Users/User/.m2/repository/com/aventstack/extentreports/5.0.8/extentreports-5.0.8.jar!/com/aventstack/extentreports/templates/commons/commons-variables.ftl"
08 Aug 2022 19:55:20,358 TestNG-tests-1 - Couldn't find template in cache for "commons/commons-macros.ftl"("en_US", UTF-8, parsed); will try to load it.
08 Aug 2022 19:55:20,359 TestNG-tests-1 - TemplateLoader.findTemplateSource("commons/commons-macros_en_US.ftl"): Not found
08 Aug 2022 19:55:20,360 TestNG-tests-1 - TemplateLoader.findTemplateSource("commons/commons-macros_en.ftl"): Not found
08 Aug 2022 19:55:20,361 TestNG-tests-1 - TemplateLoader.findTemplateSource("commons/commons-macros.ftl"): Found
08 Aug 2022 19:55:20,361 TestNG-tests-1 - Loading template for "commons/commons-macros.ftl"("en_US", UTF-8, parsed) from "jar:file:/C:/Users/User/.m2/repository/com/aventstack/extentreports/5.0.8/extentreports-5.0.8.jar!/com/aventstack/extentreports/templates/commons/commons-macros.ftl"
08 Aug 2022 19:55:20,384 TestNG-tests-1 - Couldn't find template in cache for "spark/macros/attributes.ftl"("en_US", UTF-8, parsed); will try to load it.
08 Aug 2022 19:55:20,384 TestNG-tests-1 - TemplateLoader.findTemplateSource("spark/macros/attributes_en_US.ftl"): Not found
08 Aug 2022 19:55:20,385 TestNG-tests-1 - TemplateLoader.findTemplateSource("spark/macros/attributes_en.ftl"): Not found
08 Aug 2022 19:55:20,386 TestNG-tests-1 - TemplateLoader.findTemplateSource("spark/macros/attributes.ftl"): Found
08 Aug 2022 19:55:20,386 TestNG-tests-1 - Loading template for "spark/macros/attributes.ftl"("en_US", UTF-8, parsed) from "jar:file:/C:/Users/User/.m2/repository/com/aventstack/extentreports/5.0.8/extentreports-5.0.8.jar!/com/aventstack/extentreports/templates/spark/macros/attributes.ftl"
08 Aug 2022 19:55:20,393 TestNG-tests-1 - Couldn't find template in cache for "spark/macros/log.ftl"("en_US", UTF-8, parsed); will try to load it.
08 Aug 2022 19:55:20,394 TestNG-tests-1 - TemplateLoader.findTemplateSource("spark/macros/log_en_US.ftl"): Not found
08 Aug 2022 19:55:20,394 TestNG-tests-1 - TemplateLoader.findTemplateSource("spark/macros/log_en.ftl"): Not found
08 Aug 2022 19:55:20,395 TestNG-tests-1 - TemplateLoader.findTemplateSource("spark/macros/log.ftl"): Found
08 Aug 2022 19:55:20,395 TestNG-tests-1 - Loading template for "spark/macros/log.ftl"("en_US", UTF-8, parsed) from "jar:file:/C:/Users/User/.m2/repository/com/aventstack/extentreports/5.0.8/extentreports-5.0.8.jar!/com/aventstack/extentreports/templates/spark/macros/log.ftl"
08 Aug 2022 19:55:20,400 TestNG-tests-1 - Couldn't find template in cache for "spark/macros/recurse_nodes.ftl"("en_US", UTF-8, parsed); will try to load it.
08 Aug 2022 19:55:20,401 TestNG-tests-1 - TemplateLoader.findTemplateSource("spark/macros/recurse_nodes_en_US.ftl"): Not found
08 Aug 2022 19:55:20,401 TestNG-tests-1 - TemplateLoader.findTemplateSource("spark/macros/recurse_nodes_en.ftl"): Not found
08 Aug 2022 19:55:20,402 TestNG-tests-1 - TemplateLoader.findTemplateSource("spark/macros/recurse_nodes.ftl"): Found
08 Aug 2022 19:55:20,402 TestNG-tests-1 - Loading template for "spark/macros/recurse_nodes.ftl"("en_US", UTF-8, parsed) from "jar:file:/C:/Users/User/.m2/repository/com/aventstack/extentreports/5.0.8/extentreports-5.0.8.jar!/com/aventstack/extentreports/templates/spark/macros/recurse_nodes.ftl"
08 Aug 2022 19:55:20,413 TestNG-tests-1 - "spark/macros/log.ftl"("en_US", UTF-8, parsed) cached copy not yet stale; using cached.
08 Aug 2022 19:55:20,414 TestNG-tests-1 - Couldn't find template in cache for "spark/macros/attr-common.ftl"("en_US", UTF-8, parsed); will try to load it.
08 Aug 2022 19:55:20,415 TestNG-tests-1 - TemplateLoader.findTemplateSource("spark/macros/attr-common_en_US.ftl"): Not found
08 Aug 2022 19:55:20,415 TestNG-tests-1 - TemplateLoader.findTemplateSource("spark/macros/attr-common_en.ftl"): Not found
08 Aug 2022 19:55:20,416 TestNG-tests-1 - TemplateLoader.findTemplateSource("spark/macros/attr-common.ftl"): Found
08 Aug 2022 19:55:20,416 TestNG-tests-1 - Loading template for "spark/macros/attr-common.ftl"("en_US", UTF-8, parsed) from "jar:file:/C:/Users/User/.m2/repository/com/aventstack/extentreports/5.0.8/extentreports-5.0.8.jar!/com/aventstack/extentreports/templates/spark/macros/attr-common.ftl"
08 Aug 2022 19:55:20,431 TestNG-tests-1 - Couldn't find template in cache for "spark/partials/head.ftl"("en_US", UTF-8, parsed); will try to load it.
08 Aug 2022 19:55:20,432 TestNG-tests-1 - TemplateLoader.findTemplateSource("spark/partials/head_en_US.ftl"): Not found
08 Aug 2022 19:55:20,433 TestNG-tests-1 - TemplateLoader.findTemplateSource("spark/partials/head_en.ftl"): Not found
08 Aug 2022 19:55:20,433 TestNG-tests-1 - TemplateLoader.findTemplateSource("spark/partials/head.ftl"): Found
08 Aug 2022 19:55:20,433 TestNG-tests-1 - Loading template for "spark/partials/head.ftl"("en_US", UTF-8, parsed) from "jar:file:/C:/Users/User/.m2/repository/com/aventstack/extentreports/5.0.8/extentreports-5.0.8.jar!/com/aventstack/extentreports/templates/spark/partials/head.ftl"
08 Aug 2022 19:55:20,440 TestNG-tests-1 - Couldn't find template in cache for "commons/commons-inject-css.ftl"("en_US", UTF-8, parsed); will try to load it.
08 Aug 2022 19:55:20,441 TestNG-tests-1 - TemplateLoader.findTemplateSource("commons/commons-inject-css_en_US.ftl"): Not found
08 Aug 2022 19:55:20,441 TestNG-tests-1 - TemplateLoader.findTemplateSource("commons/commons-inject-css_en.ftl"): Not found
08 Aug 2022 19:55:20,442 TestNG-tests-1 - TemplateLoader.findTemplateSource("commons/commons-inject-css.ftl"): Found
08 Aug 2022 19:55:20,442 TestNG-tests-1 - Loading template for "commons/commons-inject-css.ftl"("en_US", UTF-8, parsed) from "jar:file:/C:/Users/User/.m2/repository/com/aventstack/extentreports/5.0.8/extentreports-5.0.8.jar!/com/aventstack/extentreports/templates/commons/commons-inject-css.ftl"
08 Aug 2022 19:55:20,444 TestNG-tests-1 - Couldn't find template in cache for "spark/partials/navbar.ftl"("en_US", UTF-8, parsed); will try to load it.
08 Aug 2022 19:55:20,444 TestNG-tests-1 - TemplateLoader.findTemplateSource("spark/partials/navbar_en_US.ftl"): Not found
08 Aug 2022 19:55:20,444 TestNG-tests-1 - TemplateLoader.findTemplateSource("spark/partials/navbar_en.ftl"): Not found
08 Aug 2022 19:55:20,445 TestNG-tests-1 - TemplateLoader.findTemplateSource("spark/partials/navbar.ftl"): Found
08 Aug 2022 19:55:20,445 TestNG-tests-1 - Loading template for "spark/partials/navbar.ftl"("en_US", UTF-8, parsed) from "jar:file:/C:/Users/User/.m2/repository/com/aventstack/extentreports/5.0.8/extentreports-5.0.8.jar!/com/aventstack/extentreports/templates/spark/partials/navbar.ftl"
08 Aug 2022 19:55:20,457 TestNG-tests-1 - Couldn't find template in cache for "spark/partials/sidenav.ftl"("en_US", UTF-8, parsed); will try to load it.
08 Aug 2022 19:55:20,457 TestNG-tests-1 - TemplateLoader.findTemplateSource("spark/partials/sidenav_en_US.ftl"): Not found
08 Aug 2022 19:55:20,457 TestNG-tests-1 - TemplateLoader.findTemplateSource("spark/partials/sidenav_en.ftl"): Not found
08 Aug 2022 19:55:20,458 TestNG-tests-1 - TemplateLoader.findTemplateSource("spark/partials/sidenav.ftl"): Found
08 Aug 2022 19:55:20,458 TestNG-tests-1 - Loading template for "spark/partials/sidenav.ftl"("en_US", UTF-8, parsed) from "jar:file:/C:/Users/User/.m2/repository/com/aventstack/extentreports/5.0.8/extentreports-5.0.8.jar!/com/aventstack/extentreports/templates/spark/partials/sidenav.ftl"
08 Aug 2022 19:55:20,488 TestNG-tests-1 - Couldn't find template in cache for "spark/partials/test.ftl"("en_US", UTF-8, parsed); will try to load it.
08 Aug 2022 19:55:20,489 TestNG-tests-1 - TemplateLoader.findTemplateSource("spark/partials/test_en_US.ftl"): Not found
08 Aug 2022 19:55:20,489 TestNG-tests-1 - TemplateLoader.findTemplateSource("spark/partials/test_en.ftl"): Not found
08 Aug 2022 19:55:20,490 TestNG-tests-1 - TemplateLoader.findTemplateSource("spark/partials/test.ftl"): Found
08 Aug 2022 19:55:20,490 TestNG-tests-1 - Loading template for "spark/partials/test.ftl"("en_US", UTF-8, parsed) from "jar:file:/C:/Users/User/.m2/repository/com/aventstack/extentreports/5.0.8/extentreports-5.0.8.jar!/com/aventstack/extentreports/templates/spark/partials/test.ftl"
08 Aug 2022 19:55:20,526 TestNG-tests-1 - Couldn't find template in cache for "spark/partials/standard-content.ftl"("en_US", UTF-8, parsed); will try to load it.
08 Aug 2022 19:55:20,527 TestNG-tests-1 - TemplateLoader.findTemplateSource("spark/partials/standard-content_en_US.ftl"): Not found
08 Aug 2022 19:55:20,527 TestNG-tests-1 - TemplateLoader.findTemplateSource("spark/partials/standard-content_en.ftl"): Not found
08 Aug 2022 19:55:20,528 TestNG-tests-1 - TemplateLoader.findTemplateSource("spark/partials/standard-content.ftl"): Found
08 Aug 2022 19:55:20,528 TestNG-tests-1 - Loading template for "spark/partials/standard-content.ftl"("en_US", UTF-8, parsed) from "jar:file:/C:/Users/User/.m2/repository/com/aventstack/extentreports/5.0.8/extentreports-5.0.8.jar!/com/aventstack/extentreports/templates/spark/partials/standard-content.ftl"
08 Aug 2022 19:55:20,537 TestNG-tests-1 - "spark/partials/standard-content.ftl"("en_US", UTF-8, parsed) cached copy not yet stale; using cached.
08 Aug 2022 19:55:20,540 TestNG-tests-1 - "spark/partials/standard-content.ftl"("en_US", UTF-8, parsed) cached copy not yet stale; using cached.
08 Aug 2022 19:55:20,544 TestNG-tests-1 - "spark/partials/standard-content.ftl"("en_US", UTF-8, parsed) cached copy not yet stale; using cached.
08 Aug 2022 19:55:20,554 TestNG-tests-1 - Couldn't find template in cache for "spark/partials/exception.ftl"("en_US", UTF-8, parsed); will try to load it.
08 Aug 2022 19:55:20,555 TestNG-tests-1 - TemplateLoader.findTemplateSource("spark/partials/exception_en_US.ftl"): Not found
08 Aug 2022 19:55:20,555 TestNG-tests-1 - TemplateLoader.findTemplateSource("spark/partials/exception_en.ftl"): Not found
08 Aug 2022 19:55:20,556 TestNG-tests-1 - TemplateLoader.findTemplateSource("spark/partials/exception.ftl"): Found
08 Aug 2022 19:55:20,556 TestNG-tests-1 - Loading template for "spark/partials/exception.ftl"("en_US", UTF-8, parsed) from "jar:file:/C:/Users/User/.m2/repository/com/aventstack/extentreports/5.0.8/extentreports-5.0.8.jar!/com/aventstack/extentreports/templates/spark/partials/exception.ftl"
08 Aug 2022 19:55:20,560 TestNG-tests-1 - Couldn't find template in cache for "spark/partials/category.ftl"("en_US", UTF-8, parsed); will try to load it.
08 Aug 2022 19:55:20,560 TestNG-tests-1 - TemplateLoader.findTemplateSource("spark/partials/category_en_US.ftl"): Not found
08 Aug 2022 19:55:20,561 TestNG-tests-1 - TemplateLoader.findTemplateSource("spark/partials/category_en.ftl"): Not found
08 Aug 2022 19:55:20,562 TestNG-tests-1 - TemplateLoader.findTemplateSource("spark/partials/category.ftl"): Found
08 Aug 2022 19:55:20,562 TestNG-tests-1 - Loading template for "spark/partials/category.ftl"("en_US", UTF-8, parsed) from "jar:file:/C:/Users/User/.m2/repository/com/aventstack/extentreports/5.0.8/extentreports-5.0.8.jar!/com/aventstack/extentreports/templates/spark/partials/category.ftl"
08 Aug 2022 19:55:20,571 TestNG-tests-1 - Couldn't find template in cache for "spark/partials/device.ftl"("en_US", UTF-8, parsed); will try to load it.
08 Aug 2022 19:55:20,572 TestNG-tests-1 - TemplateLoader.findTemplateSource("spark/partials/device_en_US.ftl"): Not found
08 Aug 2022 19:55:20,573 TestNG-tests-1 - TemplateLoader.findTemplateSource("spark/partials/device_en.ftl"): Not found
08 Aug 2022 19:55:20,573 TestNG-tests-1 - TemplateLoader.findTemplateSource("spark/partials/device.ftl"): Found
08 Aug 2022 19:55:20,573 TestNG-tests-1 - Loading template for "spark/partials/device.ftl"("en_US", UTF-8, parsed) from "jar:file:/C:/Users/User/.m2/repository/com/aventstack/extentreports/5.0.8/extentreports-5.0.8.jar!/com/aventstack/extentreports/templates/spark/partials/device.ftl"
08 Aug 2022 19:55:20,575 TestNG-tests-1 - Couldn't find template in cache for "spark/partials/author.ftl"("en_US", UTF-8, parsed); will try to load it.
08 Aug 2022 19:55:20,576 TestNG-tests-1 - TemplateLoader.findTemplateSource("spark/partials/author_en_US.ftl"): Not found
08 Aug 2022 19:55:20,576 TestNG-tests-1 - TemplateLoader.findTemplateSource("spark/partials/author_en.ftl"): Not found
08 Aug 2022 19:55:20,577 TestNG-tests-1 - TemplateLoader.findTemplateSource("spark/partials/author.ftl"): Found
08 Aug 2022 19:55:20,577 TestNG-tests-1 - Loading template for "spark/partials/author.ftl"("en_US", UTF-8, parsed) from "jar:file:/C:/Users/User/.m2/repository/com/aventstack/extentreports/5.0.8/extentreports-5.0.8.jar!/com/aventstack/extentreports/templates/spark/partials/author.ftl"
08 Aug 2022 19:55:20,579 TestNG-tests-1 - Couldn't find template in cache for "spark/partials/log.ftl"("en_US", UTF-8, parsed); will try to load it.
08 Aug 2022 19:55:20,579 TestNG-tests-1 - TemplateLoader.findTemplateSource("spark/partials/log_en_US.ftl"): Not found
08 Aug 2022 19:55:20,580 TestNG-tests-1 - TemplateLoader.findTemplateSource("spark/partials/log_en.ftl"): Not found
08 Aug 2022 19:55:20,581 TestNG-tests-1 - TemplateLoader.findTemplateSource("spark/partials/log.ftl"): Found
08 Aug 2022 19:55:20,581 TestNG-tests-1 - Loading template for "spark/partials/log.ftl"("en_US", UTF-8, parsed) from "jar:file:/C:/Users/User/.m2/repository/com/aventstack/extentreports/5.0.8/extentreports-5.0.8.jar!/com/aventstack/extentreports/templates/spark/partials/log.ftl"
08 Aug 2022 19:55:20,583 TestNG-tests-1 - Couldn't find template in cache for "spark/partials/dashboard.ftl"("en_US", UTF-8, parsed); will try to load it.
08 Aug 2022 19:55:20,584 TestNG-tests-1 - TemplateLoader.findTemplateSource("spark/partials/dashboard_en_US.ftl"): Not found
08 Aug 2022 19:55:20,584 TestNG-tests-1 - TemplateLoader.findTemplateSource("spark/partials/dashboard_en.ftl"): Not found
08 Aug 2022 19:55:20,585 TestNG-tests-1 - TemplateLoader.findTemplateSource("spark/partials/dashboard.ftl"): Found
08 Aug 2022 19:55:20,585 TestNG-tests-1 - Loading template for "spark/partials/dashboard.ftl"("en_US", UTF-8, parsed) from "jar:file:/C:/Users/User/.m2/repository/com/aventstack/extentreports/5.0.8/extentreports-5.0.8.jar!/com/aventstack/extentreports/templates/spark/partials/dashboard.ftl"
08 Aug 2022 19:55:20,655 TestNG-tests-1 - Couldn't find template in cache for "spark/partials/scripts.ftl"("en_US", UTF-8, parsed); will try to load it.
08 Aug 2022 19:55:20,656 TestNG-tests-1 - TemplateLoader.findTemplateSource("spark/partials/scripts_en_US.ftl"): Not found
08 Aug 2022 19:55:20,657 TestNG-tests-1 - TemplateLoader.findTemplateSource("spark/partials/scripts_en.ftl"): Not found
08 Aug 2022 19:55:20,657 TestNG-tests-1 - TemplateLoader.findTemplateSource("spark/partials/scripts.ftl"): Found
08 Aug 2022 19:55:20,657 TestNG-tests-1 - Loading template for "spark/partials/scripts.ftl"("en_US", UTF-8, parsed) from "jar:file:/C:/Users/User/.m2/repository/com/aventstack/extentreports/5.0.8/extentreports-5.0.8.jar!/com/aventstack/extentreports/templates/spark/partials/scripts.ftl"
08 Aug 2022 19:55:20,659 TestNG-tests-1 - Couldn't find template in cache for "commons/commons-inject-js.ftl"("en_US", UTF-8, parsed); will try to load it.
08 Aug 2022 19:55:20,660 TestNG-tests-1 - TemplateLoader.findTemplateSource("commons/commons-inject-js_en_US.ftl"): Not found
08 Aug 2022 19:55:20,661 TestNG-tests-1 - TemplateLoader.findTemplateSource("commons/commons-inject-js_en.ftl"): Not found
08 Aug 2022 19:55:20,661 TestNG-tests-1 - TemplateLoader.findTemplateSource("commons/commons-inject-js.ftl"): Found
08 Aug 2022 19:55:20,661 TestNG-tests-1 - Loading template for "commons/commons-inject-js.ftl"("en_US", UTF-8, parsed) from "jar:file:/C:/Users/User/.m2/repository/com/aventstack/extentreports/5.0.8/extentreports-5.0.8.jar!/com/aventstack/extentreports/templates/commons/commons-inject-js.ftl"
08 Aug 2022 19:55:21,664 TestNG-tests-2 - locator is : By.id: ooui-33 value Sunil Chhetri
08 Aug 2022 19:55:23,321 TestNG-tests-2 - locator is : By.id: ooui-37 value Sunil Chhetri
08 Aug 2022 19:55:24,335 TestNG-tests-2 - locator is : By.id: ooui-41 value Sachin
08 Aug 2022 19:55:25,134 TestNG-tests-2 - locator is : By.id: ooui-45 value Football
08 Aug 2022 19:55:33,604 TestNG-tests-2 - TemplateLoader.findTemplateSource("spark/spark.spa_en_US.ftl"): Not found
08 Aug 2022 19:55:33,604 TestNG-tests-2 - TemplateLoader.findTemplateSource("spark/spark.spa_en.ftl"): Not found
08 Aug 2022 19:55:33,604 TestNG-tests-2 - TemplateLoader.findTemplateSource("spark/spark.spa.ftl"): Found
08 Aug 2022 19:55:33,605 TestNG-tests-2 - "spark/spark.spa.ftl"("en_US", UTF-8, parsed): using cached since jar:file:/C:/Users/User/.m2/repository/com/aventstack/extentreports/5.0.8/extentreports-5.0.8.jar!/com/aventstack/extentreports/templates/spark/spark.spa.ftl hasn't changed.
08 Aug 2022 19:55:33,606 TestNG-tests-2 - TemplateLoader.findTemplateSource("commons/commons-variables_en_US.ftl"): Not found
08 Aug 2022 19:55:33,606 TestNG-tests-2 - TemplateLoader.findTemplateSource("commons/commons-variables_en.ftl"): Not found
08 Aug 2022 19:55:33,606 TestNG-tests-2 - TemplateLoader.findTemplateSource("commons/commons-variables.ftl"): Found
08 Aug 2022 19:55:33,607 TestNG-tests-2 - "commons/commons-variables.ftl"("en_US", UTF-8, parsed): using cached since jar:file:/C:/Users/User/.m2/repository/com/aventstack/extentreports/5.0.8/extentreports-5.0.8.jar!/com/aventstack/extentreports/templates/commons/commons-variables.ftl hasn't changed.
08 Aug 2022 19:55:33,609 TestNG-tests-2 - TemplateLoader.findTemplateSource("commons/commons-macros_en_US.ftl"): Not found
08 Aug 2022 19:55:33,609 TestNG-tests-2 - TemplateLoader.findTemplateSource("commons/commons-macros_en.ftl"): Not found
08 Aug 2022 19:55:33,610 TestNG-tests-2 - TemplateLoader.findTemplateSource("commons/commons-macros.ftl"): Found
08 Aug 2022 19:55:33,610 TestNG-tests-2 - "commons/commons-macros.ftl"("en_US", UTF-8, parsed): using cached since jar:file:/C:/Users/User/.m2/repository/com/aventstack/extentreports/5.0.8/extentreports-5.0.8.jar!/com/aventstack/extentreports/templates/commons/commons-macros.ftl hasn't changed.
08 Aug 2022 19:55:33,611 TestNG-tests-2 - TemplateLoader.findTemplateSource("spark/macros/attributes_en_US.ftl"): Not found
08 Aug 2022 19:55:33,611 TestNG-tests-2 - TemplateLoader.findTemplateSource("spark/macros/attributes_en.ftl"): Not found
08 Aug 2022 19:55:33,611 TestNG-tests-2 - TemplateLoader.findTemplateSource("spark/macros/attributes.ftl"): Found
08 Aug 2022 19:55:33,611 TestNG-tests-2 - "spark/macros/attributes.ftl"("en_US", UTF-8, parsed): using cached since jar:file:/C:/Users/User/.m2/repository/com/aventstack/extentreports/5.0.8/extentreports-5.0.8.jar!/com/aventstack/extentreports/templates/spark/macros/attributes.ftl hasn't changed.
08 Aug 2022 19:55:33,612 TestNG-tests-2 - TemplateLoader.findTemplateSource("spark/macros/log_en_US.ftl"): Not found
08 Aug 2022 19:55:33,612 TestNG-tests-2 - TemplateLoader.findTemplateSource("spark/macros/log_en.ftl"): Not found
08 Aug 2022 19:55:33,612 TestNG-tests-2 - TemplateLoader.findTemplateSource("spark/macros/log.ftl"): Found
08 Aug 2022 19:55:33,612 TestNG-tests-2 - "spark/macros/log.ftl"("en_US", UTF-8, parsed): using cached since jar:file:/C:/Users/User/.m2/repository/com/aventstack/extentreports/5.0.8/extentreports-5.0.8.jar!/com/aventstack/extentreports/templates/spark/macros/log.ftl hasn't changed.
08 Aug 2022 19:55:33,613 TestNG-tests-2 - TemplateLoader.findTemplateSource("spark/macros/recurse_nodes_en_US.ftl"): Not found
08 Aug 2022 19:55:33,613 TestNG-tests-2 - TemplateLoader.findTemplateSource("spark/macros/recurse_nodes_en.ftl"): Not found
08 Aug 2022 19:55:33,614 TestNG-tests-2 - TemplateLoader.findTemplateSource("spark/macros/recurse_nodes.ftl"): Found
08 Aug 2022 19:55:33,614 TestNG-tests-2 - "spark/macros/recurse_nodes.ftl"("en_US", UTF-8, parsed): using cached since jar:file:/C:/Users/User/.m2/repository/com/aventstack/extentreports/5.0.8/extentreports-5.0.8.jar!/com/aventstack/extentreports/templates/spark/macros/recurse_nodes.ftl hasn't changed.
08 Aug 2022 19:55:33,615 TestNG-tests-2 - "spark/macros/log.ftl"("en_US", UTF-8, parsed) cached copy not yet stale; using cached.
08 Aug 2022 19:55:33,615 TestNG-tests-2 - TemplateLoader.findTemplateSource("spark/macros/attr-common_en_US.ftl"): Not found
08 Aug 2022 19:55:33,615 TestNG-tests-2 - TemplateLoader.findTemplateSource("spark/macros/attr-common_en.ftl"): Not found
08 Aug 2022 19:55:33,615 TestNG-tests-2 - TemplateLoader.findTemplateSource("spark/macros/attr-common.ftl"): Found
08 Aug 2022 19:55:33,616 TestNG-tests-2 - "spark/macros/attr-common.ftl"("en_US", UTF-8, parsed): using cached since jar:file:/C:/Users/User/.m2/repository/com/aventstack/extentreports/5.0.8/extentreports-5.0.8.jar!/com/aventstack/extentreports/templates/spark/macros/attr-common.ftl hasn't changed.
08 Aug 2022 19:55:33,616 TestNG-tests-2 - TemplateLoader.findTemplateSource("spark/partials/head_en_US.ftl"): Not found
08 Aug 2022 19:55:33,617 TestNG-tests-2 - TemplateLoader.findTemplateSource("spark/partials/head_en.ftl"): Not found
08 Aug 2022 19:55:33,617 TestNG-tests-2 - TemplateLoader.findTemplateSource("spark/partials/head.ftl"): Found
08 Aug 2022 19:55:33,617 TestNG-tests-2 - "spark/partials/head.ftl"("en_US", UTF-8, parsed): using cached since jar:file:/C:/Users/User/.m2/repository/com/aventstack/extentreports/5.0.8/extentreports-5.0.8.jar!/com/aventstack/extentreports/templates/spark/partials/head.ftl hasn't changed.
08 Aug 2022 19:55:33,624 TestNG-tests-2 - TemplateLoader.findTemplateSource("commons/commons-inject-css_en_US.ftl"): Not found
08 Aug 2022 19:55:33,625 TestNG-tests-2 - TemplateLoader.findTemplateSource("commons/commons-inject-css_en.ftl"): Not found
08 Aug 2022 19:55:33,626 TestNG-tests-2 - TemplateLoader.findTemplateSource("commons/commons-inject-css.ftl"): Found
08 Aug 2022 19:55:33,626 TestNG-tests-2 - "commons/commons-inject-css.ftl"("en_US", UTF-8, parsed): using cached since jar:file:/C:/Users/User/.m2/repository/com/aventstack/extentreports/5.0.8/extentreports-5.0.8.jar!/com/aventstack/extentreports/templates/commons/commons-inject-css.ftl hasn't changed.
08 Aug 2022 19:55:33,627 TestNG-tests-2 - TemplateLoader.findTemplateSource("spark/partials/navbar_en_US.ftl"): Not found
08 Aug 2022 19:55:33,628 TestNG-tests-2 - TemplateLoader.findTemplateSource("spark/partials/navbar_en.ftl"): Not found
08 Aug 2022 19:55:33,628 TestNG-tests-2 - TemplateLoader.findTemplateSource("spark/partials/navbar.ftl"): Found
08 Aug 2022 19:55:33,628 TestNG-tests-2 - "spark/partials/navbar.ftl"("en_US", UTF-8, parsed): using cached since jar:file:/C:/Users/User/.m2/repository/com/aventstack/extentreports/5.0.8/extentreports-5.0.8.jar!/com/aventstack/extentreports/templates/spark/partials/navbar.ftl hasn't changed.
08 Aug 2022 19:55:33,630 TestNG-tests-2 - TemplateLoader.findTemplateSource("spark/partials/sidenav_en_US.ftl"): Not found
08 Aug 2022 19:55:33,630 TestNG-tests-2 - TemplateLoader.findTemplateSource("spark/partials/sidenav_en.ftl"): Not found
08 Aug 2022 19:55:33,630 TestNG-tests-2 - TemplateLoader.findTemplateSource("spark/partials/sidenav.ftl"): Found
08 Aug 2022 19:55:33,630 TestNG-tests-2 - "spark/partials/sidenav.ftl"("en_US", UTF-8, parsed): using cached since jar:file:/C:/Users/User/.m2/repository/com/aventstack/extentreports/5.0.8/extentreports-5.0.8.jar!/com/aventstack/extentreports/templates/spark/partials/sidenav.ftl hasn't changed.
08 Aug 2022 19:55:33,632 TestNG-tests-2 - TemplateLoader.findTemplateSource("spark/partials/test_en_US.ftl"): Not found
08 Aug 2022 19:55:33,633 TestNG-tests-2 - TemplateLoader.findTemplateSource("spark/partials/test_en.ftl"): Not found
08 Aug 2022 19:55:33,633 TestNG-tests-2 - TemplateLoader.findTemplateSource("spark/partials/test.ftl"): Found
08 Aug 2022 19:55:33,633 TestNG-tests-2 - "spark/partials/test.ftl"("en_US", UTF-8, parsed): using cached since jar:file:/C:/Users/User/.m2/repository/com/aventstack/extentreports/5.0.8/extentreports-5.0.8.jar!/com/aventstack/extentreports/templates/spark/partials/test.ftl hasn't changed.
08 Aug 2022 19:55:33,636 TestNG-tests-2 - TemplateLoader.findTemplateSource("spark/partials/standard-content_en_US.ftl"): Not found
08 Aug 2022 19:55:33,636 TestNG-tests-2 - TemplateLoader.findTemplateSource("spark/partials/standard-content_en.ftl"): Not found
08 Aug 2022 19:55:33,636 TestNG-tests-2 - TemplateLoader.findTemplateSource("spark/partials/standard-content.ftl"): Found
08 Aug 2022 19:55:33,636 TestNG-tests-2 - "spark/partials/standard-content.ftl"("en_US", UTF-8, parsed): using cached since jar:file:/C:/Users/User/.m2/repository/com/aventstack/extentreports/5.0.8/extentreports-5.0.8.jar!/com/aventstack/extentreports/templates/spark/partials/standard-content.ftl hasn't changed.
08 Aug 2022 19:55:33,638 TestNG-tests-2 - "spark/partials/standard-content.ftl"("en_US", UTF-8, parsed) cached copy not yet stale; using cached.
08 Aug 2022 19:55:33,639 TestNG-tests-2 - "spark/partials/standard-content.ftl"("en_US", UTF-8, parsed) cached copy not yet stale; using cached.
08 Aug 2022 19:55:33,643 TestNG-tests-2 - "spark/partials/standard-content.ftl"("en_US", UTF-8, parsed) cached copy not yet stale; using cached.
08 Aug 2022 19:55:33,676 TestNG-tests-2 - "spark/partials/standard-content.ftl"("en_US", UTF-8, parsed) cached copy not yet stale; using cached.
08 Aug 2022 19:55:33,677 TestNG-tests-2 - "spark/partials/standard-content.ftl"("en_US", UTF-8, parsed) cached copy not yet stale; using cached.
08 Aug 2022 19:55:33,678 TestNG-tests-2 - TemplateLoader.findTemplateSource("spark/partials/exception_en_US.ftl"): Not found
08 Aug 2022 19:55:33,678 TestNG-tests-2 - TemplateLoader.findTemplateSource("spark/partials/exception_en.ftl"): Not found
08 Aug 2022 19:55:33,679 TestNG-tests-2 - TemplateLoader.findTemplateSource("spark/partials/exception.ftl"): Found
08 Aug 2022 19:55:33,680 TestNG-tests-2 - "spark/partials/exception.ftl"("en_US", UTF-8, parsed): using cached since jar:file:/C:/Users/User/.m2/repository/com/aventstack/extentreports/5.0.8/extentreports-5.0.8.jar!/com/aventstack/extentreports/templates/spark/partials/exception.ftl hasn't changed.
08 Aug 2022 19:55:33,681 TestNG-tests-2 - TemplateLoader.findTemplateSource("spark/partials/category_en_US.ftl"): Not found
08 Aug 2022 19:55:33,682 TestNG-tests-2 - TemplateLoader.findTemplateSource("spark/partials/category_en.ftl"): Not found
08 Aug 2022 19:55:33,682 TestNG-tests-2 - TemplateLoader.findTemplateSource("spark/partials/category.ftl"): Found
08 Aug 2022 19:55:33,682 TestNG-tests-2 - "spark/partials/category.ftl"("en_US", UTF-8, parsed): using cached since jar:file:/C:/Users/User/.m2/repository/com/aventstack/extentreports/5.0.8/extentreports-5.0.8.jar!/com/aventstack/extentreports/templates/spark/partials/category.ftl hasn't changed.
08 Aug 2022 19:55:33,705 TestNG-tests-2 - TemplateLoader.findTemplateSource("spark/partials/device_en_US.ftl"): Not found
08 Aug 2022 19:55:33,705 TestNG-tests-2 - TemplateLoader.findTemplateSource("spark/partials/device_en.ftl"): Not found
08 Aug 2022 19:55:33,706 TestNG-tests-2 - TemplateLoader.findTemplateSource("spark/partials/device.ftl"): Found
08 Aug 2022 19:55:33,706 TestNG-tests-2 - "spark/partials/device.ftl"("en_US", UTF-8, parsed): using cached since jar:file:/C:/Users/User/.m2/repository/com/aventstack/extentreports/5.0.8/extentreports-5.0.8.jar!/com/aventstack/extentreports/templates/spark/partials/device.ftl hasn't changed.
08 Aug 2022 19:55:33,708 TestNG-tests-2 - TemplateLoader.findTemplateSource("spark/partials/author_en_US.ftl"): Not found
08 Aug 2022 19:55:33,709 TestNG-tests-2 - TemplateLoader.findTemplateSource("spark/partials/author_en.ftl"): Not found
08 Aug 2022 19:55:33,710 TestNG-tests-2 - TemplateLoader.findTemplateSource("spark/partials/author.ftl"): Found
08 Aug 2022 19:55:33,711 TestNG-tests-2 - "spark/partials/author.ftl"("en_US", UTF-8, parsed): using cached since jar:file:/C:/Users/User/.m2/repository/com/aventstack/extentreports/5.0.8/extentreports-5.0.8.jar!/com/aventstack/extentreports/templates/spark/partials/author.ftl hasn't changed.
08 Aug 2022 19:55:33,711 TestNG-tests-2 - TemplateLoader.findTemplateSource("spark/partials/log_en_US.ftl"): Not found
08 Aug 2022 19:55:33,712 TestNG-tests-2 - TemplateLoader.findTemplateSource("spark/partials/log_en.ftl"): Not found
08 Aug 2022 19:55:33,712 TestNG-tests-2 - TemplateLoader.findTemplateSource("spark/partials/log.ftl"): Found
08 Aug 2022 19:55:33,713 TestNG-tests-2 - "spark/partials/log.ftl"("en_US", UTF-8, parsed): using cached since jar:file:/C:/Users/User/.m2/repository/com/aventstack/extentreports/5.0.8/extentreports-5.0.8.jar!/com/aventstack/extentreports/templates/spark/partials/log.ftl hasn't changed.
08 Aug 2022 19:55:33,713 TestNG-tests-2 - TemplateLoader.findTemplateSource("spark/partials/dashboard_en_US.ftl"): Not found
08 Aug 2022 19:55:33,713 TestNG-tests-2 - TemplateLoader.findTemplateSource("spark/partials/dashboard_en.ftl"): Not found
08 Aug 2022 19:55:33,713 TestNG-tests-2 - TemplateLoader.findTemplateSource("spark/partials/dashboard.ftl"): Found
08 Aug 2022 19:55:33,714 TestNG-tests-2 - "spark/partials/dashboard.ftl"("en_US", UTF-8, parsed): using cached since jar:file:/C:/Users/User/.m2/repository/com/aventstack/extentreports/5.0.8/extentreports-5.0.8.jar!/com/aventstack/extentreports/templates/spark/partials/dashboard.ftl hasn't changed.
08 Aug 2022 19:55:33,735 TestNG-tests-2 - TemplateLoader.findTemplateSource("spark/partials/scripts_en_US.ftl"): Not found
08 Aug 2022 19:55:33,736 TestNG-tests-2 - TemplateLoader.findTemplateSource("spark/partials/scripts_en.ftl"): Not found
08 Aug 2022 19:55:33,736 TestNG-tests-2 - TemplateLoader.findTemplateSource("spark/partials/scripts.ftl"): Found
08 Aug 2022 19:55:33,736 TestNG-tests-2 - "spark/partials/scripts.ftl"("en_US", UTF-8, parsed): using cached since jar:file:/C:/Users/User/.m2/repository/com/aventstack/extentreports/5.0.8/extentreports-5.0.8.jar!/com/aventstack/extentreports/templates/spark/partials/scripts.ftl hasn't changed.
08 Aug 2022 19:55:33,737 TestNG-tests-2 - TemplateLoader.findTemplateSource("commons/commons-inject-js_en_US.ftl"): Not found
08 Aug 2022 19:55:33,738 TestNG-tests-2 - TemplateLoader.findTemplateSource("commons/commons-inject-js_en.ftl"): Not found
08 Aug 2022 19:55:33,738 TestNG-tests-2 - TemplateLoader.findTemplateSource("commons/commons-inject-js.ftl"): Found
08 Aug 2022 19:55:33,738 TestNG-tests-2 - "commons/commons-inject-js.ftl"("en_US", UTF-8, parsed): using cached since jar:file:/C:/Users/User/.m2/repository/com/aventstack/extentreports/5.0.8/extentreports-5.0.8.jar!/com/aventstack/extentreports/templates/commons/commons-inject-js.ftl hasn't changed.
